{"level":"info","message":"New add operation requested: undefined add undefined","service":"calculator-microservice"}
{"level":"info","message":"New add operation requested: 2 add 2","service":"calculator-microservice"}
{"level":"info","message":"New add operation requested: 3 add 2","service":"calculator-microservice"}
{"level":"info","message":"New add operation requested: 4 add 3","service":"calculator-microservice"}
{"level":"info","message":"New add operation requested: 4 subtract 3","service":"calculator-microservice"}
{"level":"info","message":"New add operation requested: 4 multiply 3","service":"calculator-microservice"}
{"level":"info","message":"New add operation requested: 4 divide 3","service":"calculator-microservice"}
{"level":"info","message":"New exponentiate operation requested: 2 to the power of 3","service":"calculator-microservice"}
{"level":"info","message":"New exponentiate operation requested: 2 to the power of 3","service":"calculator-microservice"}
{"level":"info","message":"New exponentiate operation requested: 2 to the power of 3","service":"calculator-microservice"}
{"level":"info","message":"New exponentiate operation requested: 2 to the power of 3","service":"calculator-microservice"}
{"level":"info","message":"New exponentiate operation requested: 2 to the power of 3","service":"calculator-microservice"}
{"level":"info","message":"New exponentiate operation requested: 2 to the power of 3","service":"calculator-microservice"}
{"level":"info","message":"New exponentiate operation requested: 2 to the power of 3","service":"calculator-microservice"}
{"level":"info","message":"New add operation requested: 2 multiply 3","service":"calculator-microservice"}
{"level":"info","message":"New exponentiate operation requested: 2 to the power of 3","service":"calculator-microservice"}
{"level":"info","message":"New exponentiate operation requested: 1 to the power of 2","service":"calculator-microservice"}
{"level":"info","message":"New exponentiate operation requested: NaN to the power of 0","service":"calculator-microservice"}
{"level":"info","message":"New exponentiate operation requested: 0 to the power of 0","service":"calculator-microservice"}
{"level":"info","message":"New exponentiate operation requested: 0 to the power of 0","service":"calculator-microservice"}
{"level":"info","message":"New modulo operation requested: 16 % 4","service":"calculator-microservice"}
{"level":"info","message":"New modulo operation requested: 12 % 3","service":"calculator-microservice"}
{"level":"info","message":"New modulo operation requested: 12 % 3","service":"calculator-microservice"}
{"level":"info","message":"New modulo operation requested: 12 % 3","service":"calculator-microservice"}
{"level":"info","message":"New modulo operation requested: 12 % 3","service":"calculator-microservice"}
{"level":"info","message":"New modulo operation requested: 12 % 3","service":"calculator-microservice"}
{"level":"info","message":"New modulo operation requested: 12 % 3","service":"calculator-microservice"}
{"level":"info","message":"New modulo operation requested: 12 % 3","service":"calculator-microservice"}
{"level":"info","message":"New modulo operation requested: 13 % 3","service":"calculator-microservice"}
{"level":"info","message":"New modulo operation requested: 32 % 3","service":"calculator-microservice"}
{"level":"info","message":"New square root operation requested: sqrt(32)","service":"calculator-microservice"}
{"level":"info","message":"New square root operation requested: sqrt(4)","service":"calculator-microservice"}
{"level":"info","message":"New square root operation requested: sqrt(3)","service":"calculator-microservice"}
{"level":"info","message":"New square root operation requested: sqrt(4)","service":"calculator-microservice"}
{"level":"info","message":"New square root operation requested: sqrt(4)","service":"calculator-microservice"}
{"level":"info","message":"New square root operation requested: sqrt(16)","service":"calculator-microservice"}
{"level":"info","message":"New square root operation requested: sqrt(16)","service":"calculator-microservice"}
{"level":"info","message":"New square root operation requested: sqrt(16)","service":"calculator-microservice"}
{"level":"info","message":"New square root operation requested: sqrt(12)","service":"calculator-microservice"}
{"level":"info","message":"New modulo operation requested: 12 % NaN","service":"calculator-microservice"}
{"level":"info","message":"New square root operation requested: sqrt(0)","service":"calculator-microservice"}
{"level":"info","message":"New exponentiate operation requested: 0 to the power of NaN","service":"calculator-microservice"}
{"level":"info","message":"New square root operation requested: sqrt(0)","service":"calculator-microservice"}
{"level":"info","message":"New square root operation requested: sqrt(0)","service":"calculator-microservice"}
{"level":"info","message":"New add operation requested: 0 add NaN","service":"calculator-microservice"}
{"level":"info","message":"New add operation requested: 0 add 0","service":"calculator-microservice"}
{"level":"info","message":"New add operation requested: 0 add 0","service":"calculator-microservice"}
{"level":"info","message":"New add operation requested: 0 add 0","service":"calculator-microservice"}
{"level":"info","message":"New add operation requested: 12 add 33.44","service":"calculator-microservice"}
{"level":"info","message":"New add operation requested: 12 - 33.44","service":"calculator-microservice"}
{"level":"info","message":"New add operation requested: 12 * 33.44","service":"calculator-microservice"}
{"level":"info","message":"New add operation requested: 12 / 33.44","service":"calculator-microservice"}
{"level":"info","message":"New exponentiate operation requested: 12 to the power of 33.44","service":"calculator-microservice"}
{"level":"info","message":"New square root operation requested: sqrt(12)","service":"calculator-microservice"}
{"level":"info","message":"New square root operation requested: sqrt(12)","service":"calculator-microservice"}
{"level":"info","message":"New square root operation requested: sqrt(16)","service":"calculator-microservice"}
{"level":"info","message":"New modulo operation requested: 16 % NaN","service":"calculator-microservice"}
{"level":"info","message":"New modulo operation requested: 12 % 12","service":"calculator-microservice"}
{"level":"info","message":"New modulo operation requested: 12 % 14","service":"calculator-microservice"}
{"level":"info","message":"New modulo operation requested: 12 % 33","service":"calculator-microservice"}
{"level":"info","message":"New modulo operation requested: 12 % 0","service":"calculator-microservice"}
{"level":"info","message":"New add operation requested: 0 add 0","service":"calculator-microservice"}
{"level":"info","message":"New square root operation requested: sqrt(0)","service":"calculator-microservice"}
{"level":"info","message":"New square root operation requested: sqrt(0)","service":"calculator-microservice"}
{"level":"info","message":"New factorial operation requested: 3!","service":"calculator-microservice"}
{"level":"info","message":"New factorial operation requested: 1!","service":"calculator-microservice"}
{"level":"info","message":"New factorial operation requested: 0!","service":"calculator-microservice"}
{"level":"info","message":"New factorial operation requested: 0!","service":"calculator-microservice"}
{"level":"info","message":"New factorial operation requested: 2!","service":"calculator-microservice"}
{"level":"info","message":"New factorial operation requested: 88!","service":"calculator-microservice"}
{"level":"info","message":"New exponentiate operation requested: 88 to the power of NaN","service":"calculator-microservice"}
{"level":"info","message":"New modulo operation requested: 0 % 0","service":"calculator-microservice"}
{"level":"info","message":"New add operation requested: 54 add 4","service":"calculator-microservice"}
{"level":"info","message":"New add operation requested: 54 - 4","service":"calculator-microservice"}
{"level":"info","message":"New add operation requested: 54 * 4","service":"calculator-microservice"}
{"level":"info","message":"New add operation requested: 54 / 4","service":"calculator-microservice"}
{"level":"info","message":"New exponentiate operation requested: 54 to the power of 4","service":"calculator-microservice"}
{"level":"info","message":"New square root operation requested: sqrt(54)","service":"calculator-microservice"}
{"level":"info","message":"New square root operation requested: sqrt(-5)","service":"calculator-microservice"}
{"level":"info","message":"New square root operation requested: sqrt(33)","service":"calculator-microservice"}
{"level":"info","message":"New modulo operation requested: 33 % NaN","service":"calculator-microservice"}
{"level":"info","message":"New modulo operation requested: 33 % NaN","service":"calculator-microservice"}
{"level":"info","message":"New modulo operation requested: 33 % NaN","service":"calculator-microservice"}
{"level":"info","message":"New modulo operation requested: 33 % NaN","service":"calculator-microservice"}
{"level":"info","message":"New factorial operation requested: 0!","service":"calculator-microservice"}
{"level":"info","message":"New add operation requested: 4 add 4","service":"calculator-microservice"}
{"level":"info","message":"New add operation requested: 4 - 4","service":"calculator-microservice"}
{"level":"info","message":"New add operation requested: 4 * 4","service":"calculator-microservice"}
{"level":"info","message":"New add operation requested: 4 / 4","service":"calculator-microservice"}
{"level":"info","message":"New exponentiate operation requested: 4 to the power of 4","service":"calculator-microservice"}
{"level":"info","message":"New modulo operation requested: 4 % 4","service":"calculator-microservice"}
{"level":"info","message":"New factorial operation requested: 4!","service":"calculator-microservice"}
{"level":"info","message":"New square root operation requested: sqrt(4)","service":"calculator-microservice"}
{"level":"info","message":"New add operation requested: 0 * 0","service":"calculator-microservice"}
{"level":"info","message":"New add operation requested: 0 - 0","service":"calculator-microservice"}
